<?xml version="1.0" encoding="UTF-8"?>
<!-- Generated by org.testng.reporters.JUnitReportReporter -->
<testsuite skipped="0" hostname="IE1FLT6Y3G5Y2" name="testcases.HomeTest" tests="1" failures="0" timestamp="2022-03-19T10:05:28 IST" time="6.442" errors="0">
  <testcase name="test1" time="6.442" classname="testcases.HomeTest"/>
  <system-out/>
</testsuite> <!-- testcases.HomeTest -->
