<?xml version="1.0" encoding="UTF-8"?>
<!-- Generated by org.testng.reporters.JUnitReportReporter -->
<testsuite skipped="1" hostname="IE1FLT6Y3G5Y2" name="testcases.LoginTest" tests="4" failures="0" timestamp="2022-03-19T10:09:29 IST" time="50.075" errors="0">
  <testcase name="ParameterizedTest" time="16.421" classname="testcases.LoginTest"/>
  <system-out/>
  <testcase name="ExternalDatatest" time="17.097" classname="testcases.LoginTest"/>
  <system-out/>
  <testcase name="Loginfailuretest" time="16.557" classname="testcases.LoginTest"/>
  <system-out/>
  <testcase name="LoginSuccesstest" classname="testcases.LoginTest">
    <skipped/>
  </testcase> <!-- LoginSuccesstest -->
  <system-out/>
</testsuite> <!-- testcases.LoginTest -->
