<?xml version="1.0" encoding="UTF-8"?>
<!-- Generated by org.testng.reporters.JUnitReportReporter -->
<testsuite skipped="1" hostname="IE1FLT6Y3G5Y2" name="testcases.LoginTest" tests="4" failures="0" timestamp="2022-03-19T10:12:42 IST" time="55.123" errors="0">
  <testcase name="LoginSuccesstest" time="17.451" classname="testcases.LoginTest"/>
  <system-out/>
  <testcase name="Loginfailuretest" time="20.352" classname="testcases.LoginTest"/>
  <system-out/>
  <testcase name="ParameterizedTest" time="17.320" classname="testcases.LoginTest"/>
  <system-out/>
  <testcase name="ExternalDatatest" classname="testcases.LoginTest">
    <skipped/>
  </testcase> <!-- ExternalDatatest -->
  <system-out/>
</testsuite> <!-- testcases.LoginTest -->
