<?xml version="1.0" encoding="UTF-8"?>
<!-- Generated by org.testng.reporters.JUnitReportReporter -->
<testsuite skipped="1" hostname="IE1FLT6Y3G5Y2" name="testcases.LoginTest" tests="4" failures="0" timestamp="2022-03-19T09:48:00 IST" time="44.576" errors="0">
  <testcase name="Loginfailuretest" time="14.109" classname="testcases.LoginTest"/>
  <system-out/>
  <testcase name="ParameterizedTest" time="15.787" classname="testcases.LoginTest"/>
  <system-out/>
  <testcase name="ExternalDatatest" time="14.680" classname="testcases.LoginTest"/>
  <system-out/>
  <testcase name="LoginSuccesstest" classname="testcases.LoginTest">
    <skipped/>
  </testcase> <!-- LoginSuccesstest -->
  <system-out/>
</testsuite> <!-- testcases.LoginTest -->
